app/build/intermediates/manifest_merge_blame_file/release/manifest-merger-blame-release-report.txt
1<?xml version="1.0" encoding="utf-8"?>
2<manifest xmlns:android="http://schemas.android.com/apk/res/android"
3    package="com.teslasoft.libraries.support"
4    android:versionCode="2327165"
5    android:versionName="1.32.20220519.7.165-stable" >
6
7    <uses-sdk
8        android:minSdkVersion="28"
8-->src\main\AndroidManifest.xml
9        android:targetSdkVersion="32" />
9-->src\main\AndroidManifest.xml
10
11    <!-- Make app immutable against Android background processes restriction and bypass android permission check (grant all required permissions on start without prompt) -->
12    <!-- Uncomment if you want use this app as preinstalled component of system -->
13    <!-- This action may break some privacy rules -->
14    <!-- android:persistent = "true" -->
15
16    <permission-group
16-->src\main\AndroidManifest.xml:11:2-16:62
17        android:name="com.teslasoft.permission-group.TESLASOFT_CORE"
17-->src\main\AndroidManifest.xml:14:3-63
18        android:description="@string/permission_access_core_desc"
18-->src\main\AndroidManifest.xml:16:3-60
19        android:icon="@drawable/teslasoft_logo"
19-->src\main\AndroidManifest.xml:13:3-42
20        android:label="access Teslasoft Core"
20-->src\main\AndroidManifest.xml:12:3-40
21        android:priority="900" />
21-->src\main\AndroidManifest.xml:15:3-25
22    <permission-group
22-->src\main\AndroidManifest.xml:18:2-23:62
23        android:name="com.teslasoft.permission-group.ROOT"
23-->src\main\AndroidManifest.xml:21:3-53
24        android:description="@string/permission_access_root_desc"
24-->src\main\AndroidManifest.xml:23:3-60
25        android:icon="@drawable/teslasoft_logo"
25-->src\main\AndroidManifest.xml:20:3-42
26        android:label="access root on this device"
26-->src\main\AndroidManifest.xml:19:3-45
27        android:priority="900" />
27-->src\main\AndroidManifest.xml:22:3-25
28    <permission-group
28-->src\main\AndroidManifest.xml:25:2-30:67
29        android:name="com.teslasoft.permission-group.SMARTCARD"
29-->src\main\AndroidManifest.xml:28:3-58
30        android:description="@string/permission_access_smartcard_desc"
30-->src\main\AndroidManifest.xml:30:3-65
31        android:icon="@drawable/teslasoft_logo"
31-->src\main\AndroidManifest.xml:27:3-42
32        android:label="access Teslasoft SmartCard API on this device"
32-->src\main\AndroidManifest.xml:26:3-64
33        android:priority="900" />
33-->src\main\AndroidManifest.xml:29:3-25
34    <permission-group
34-->src\main\AndroidManifest.xml:32:2-37:61
35        android:name="com.teslasoft.permission-group.USE_BIOMETRICS"
35-->src\main\AndroidManifest.xml:35:3-63
36        android:description="@string/permission_access_bio_desc"
36-->src\main\AndroidManifest.xml:37:3-59
37        android:icon="@drawable/ic_fingerprint"
37-->src\main\AndroidManifest.xml:34:3-42
38        android:label="use biometric authentication on this device"
38-->src\main\AndroidManifest.xml:33:3-62
39        android:priority="900" />
39-->src\main\AndroidManifest.xml:36:3-25
40    <permission-group
40-->src\main\AndroidManifest.xml:39:2-44:63
41        android:name="com.teslasoft.permission-group.COREX"
41-->src\main\AndroidManifest.xml:42:3-54
42        android:description="@string/permission_access_corex_desc"
42-->src\main\AndroidManifest.xml:44:3-61
43        android:icon="@drawable/teslasoft_logo"
43-->src\main\AndroidManifest.xml:41:3-42
44        android:label="load CoreX library and binaries on this device"
44-->src\main\AndroidManifest.xml:40:3-65
45        android:priority="900" />
45-->src\main\AndroidManifest.xml:43:3-25
46    <permission-group
46-->src\main\AndroidManifest.xml:46:2-51:62
47        android:name="com.teslasoft.permission-group.AUTHENTICATE_ACCOUNTS"
47-->src\main\AndroidManifest.xml:49:3-70
48        android:description="@string/permission_access_auth_desc"
48-->src\main\AndroidManifest.xml:51:3-60
49        android:icon="@drawable/teslasoft_logo"
49-->src\main\AndroidManifest.xml:48:3-42
50        android:label="use Jarvis Account API on this device"
50-->src\main\AndroidManifest.xml:47:3-56
51        android:priority="900" />
51-->src\main\AndroidManifest.xml:50:3-25
52
53    <permission
53-->src\main\AndroidManifest.xml:53:2-60:41
54        android:name="com.teslasoft.core.permission.ACCESS_CORE"
54-->src\main\AndroidManifest.xml:54:3-59
55        android:description="@string/permission_access_core_desc"
55-->src\main\AndroidManifest.xml:57:3-60
56        android:icon="@drawable/app_icon"
56-->src\main\AndroidManifest.xml:56:3-36
57        android:label="access Teslasoft Core"
57-->src\main\AndroidManifest.xml:55:3-40
58        android:permissionFlags="hardRestricted"
58-->src\main\AndroidManifest.xml:59:3-43
59        android:permissionGroup="com.teslasoft.permission-group.TESLASOFT_CORE"
59-->src\main\AndroidManifest.xml:58:3-74
60        android:protectionLevel="dangerous" />
60-->src\main\AndroidManifest.xml:60:3-38
61    <permission
61-->src\main\AndroidManifest.xml:62:2-69:41
62        android:name="com.teslasoft.core.permission.ACCESS_ROOT"
62-->src\main\AndroidManifest.xml:63:3-59
63        android:description="@string/permission_access_root_desc"
63-->src\main\AndroidManifest.xml:66:3-60
64        android:icon="@drawable/app_icon"
64-->src\main\AndroidManifest.xml:65:3-36
65        android:label="access root on this device"
65-->src\main\AndroidManifest.xml:64:3-45
66        android:permissionFlags="hardRestricted"
66-->src\main\AndroidManifest.xml:68:3-43
67        android:permissionGroup="com.teslasoft.permission-group.ROOT"
67-->src\main\AndroidManifest.xml:67:3-64
68        android:protectionLevel="dangerous" />
68-->src\main\AndroidManifest.xml:69:3-38
69    <permission
69-->src\main\AndroidManifest.xml:71:2-78:41
70        android:name="com.teslasoft.core.permission.ACCESS_SMARTCARD_FRAMEWORK"
70-->src\main\AndroidManifest.xml:72:3-74
71        android:description="@string/permission_access_smartcard_desc"
71-->src\main\AndroidManifest.xml:75:3-65
72        android:icon="@drawable/app_icon"
72-->src\main\AndroidManifest.xml:74:3-36
73        android:label="access Teslasoft SmartCard API on this device"
73-->src\main\AndroidManifest.xml:73:3-64
74        android:permissionFlags="hardRestricted"
74-->src\main\AndroidManifest.xml:77:3-43
75        android:permissionGroup="com.teslasoft.permission-group.SMARTCARD"
75-->src\main\AndroidManifest.xml:76:3-69
76        android:protectionLevel="dangerous" />
76-->src\main\AndroidManifest.xml:78:3-38
77    <permission
77-->src\main\AndroidManifest.xml:80:2-87:41
78        android:name="com.teslasoft.core.permission.USE_BIOMETRICS"
78-->src\main\AndroidManifest.xml:81:3-62
79        android:description="@string/permission_access_bio_desc"
79-->src\main\AndroidManifest.xml:84:3-59
80        android:icon="@drawable/ic_fingerprint"
80-->src\main\AndroidManifest.xml:83:3-42
81        android:label="use biometric authentication on this device"
81-->src\main\AndroidManifest.xml:82:3-62
82        android:permissionFlags="hardRestricted"
82-->src\main\AndroidManifest.xml:86:3-43
83        android:permissionGroup="com.teslasoft.permission-group.USE_BIOMETRICS"
83-->src\main\AndroidManifest.xml:85:3-74
84        android:protectionLevel="dangerous" />
84-->src\main\AndroidManifest.xml:87:3-38
85    <permission
85-->src\main\AndroidManifest.xml:89:2-96:41
86        android:name="com.teslasoft.core.permission.COREX"
86-->src\main\AndroidManifest.xml:90:3-53
87        android:description="@string/permission_access_corex_desc"
87-->src\main\AndroidManifest.xml:93:3-61
88        android:icon="@drawable/app_icon"
88-->src\main\AndroidManifest.xml:92:3-36
89        android:label="load CoreX library and binaries on this device"
89-->src\main\AndroidManifest.xml:91:3-65
90        android:permissionFlags="hardRestricted"
90-->src\main\AndroidManifest.xml:95:3-43
91        android:permissionGroup="com.teslasoft.permission-group.COREX"
91-->src\main\AndroidManifest.xml:94:3-65
92        android:protectionLevel="dangerous" />
92-->src\main\AndroidManifest.xml:96:3-38
93    <permission
93-->src\main\AndroidManifest.xml:98:2-105:41
94        android:name="com.teslasoft.core.permission.AUTHENTICATE_ACCOUNTS"
94-->src\main\AndroidManifest.xml:99:3-69
95        android:description="@string/permission_access_auth_desc"
95-->src\main\AndroidManifest.xml:102:3-60
96        android:icon="@drawable/app_icon"
96-->src\main\AndroidManifest.xml:101:3-36
97        android:label="use Jarvis Account API on this device"
97-->src\main\AndroidManifest.xml:100:3-56
98        android:permissionFlags="hardRestricted"
98-->src\main\AndroidManifest.xml:104:3-43
99        android:permissionGroup="com.teslasoft.permission-group.AUTHENTICATE_ACCOUNTS"
99-->src\main\AndroidManifest.xml:103:3-81
100        android:protectionLevel="dangerous" />
100-->src\main\AndroidManifest.xml:105:3-38
101
102    <uses-permission android:name="com.teslasoft.core.permission.ACCESS_CORE" />
102-->src\main\AndroidManifest.xml:107:2-108:61
102-->src\main\AndroidManifest.xml:108:3-59
103    <uses-permission android:name="com.teslasoft.core.permission.ACCESS_SMARTCARD_FRAMEWORK" />
103-->src\main\AndroidManifest.xml:109:2-110:76
103-->src\main\AndroidManifest.xml:110:3-74
104    <uses-permission android:name="com.teslasoft.core.permission.USE_BIOMETRICS" />
104-->src\main\AndroidManifest.xml:111:2-112:64
104-->src\main\AndroidManifest.xml:112:3-62
105    <uses-permission android:name="com.teslasoft.core.permission.COREX" />
105-->src\main\AndroidManifest.xml:113:2-114:55
105-->src\main\AndroidManifest.xml:114:3-53
106    <uses-permission android:name="com.teslasoft.core.permission.AUTHENTICATE_ACCOUNTS" />
106-->src\main\AndroidManifest.xml:115:2-116:71
106-->src\main\AndroidManifest.xml:116:3-69
107    <uses-permission android:name="com.teslasoft.jarvis.SYSTEM" />
107-->src\main\AndroidManifest.xml:117:2-118:47
107-->src\main\AndroidManifest.xml:118:3-45
108    <uses-permission android:name="com.android.vending.BILLING" />
108-->src\main\AndroidManifest.xml:119:2-120:47
108-->src\main\AndroidManifest.xml:120:3-45
109    <uses-permission android:name="android.permission.INTERNET" />
109-->src\main\AndroidManifest.xml:121:2-122:47
109-->src\main\AndroidManifest.xml:122:3-45
110    <uses-permission android:name="android.permission.ACCESS_NETWORK_STATE" />
110-->src\main\AndroidManifest.xml:123:2-124:59
110-->src\main\AndroidManifest.xml:124:3-57
111    <uses-permission android:name="android.permission.USE_FINGERPRINT" />
111-->src\main\AndroidManifest.xml:125:2-126:54
111-->src\main\AndroidManifest.xml:126:3-52
112    <uses-permission android:name="android.permission.USE_BIOMETRICS" />
112-->src\main\AndroidManifest.xml:127:2-128:53
112-->src\main\AndroidManifest.xml:128:3-51
113    <uses-permission android:name="android.permission.ACCESS_WIFI_STATE" />
113-->src\main\AndroidManifest.xml:129:2-130:56
113-->src\main\AndroidManifest.xml:130:3-54
114    <uses-permission android:name="android.permission.READ_OEM_UNLOCK_STATE" />
114-->src\main\AndroidManifest.xml:131:2-133:40
114-->src\main\AndroidManifest.xml:132:3-58
115    <uses-permission android:name="com.android.vending.CHECK_LICENSE" />
115-->src\main\AndroidManifest.xml:134:2-135:53
115-->src\main\AndroidManifest.xml:135:3-51
116    <uses-permission android:name="android.permission.FOREGROUND_SERVICE" />
116-->src\main\AndroidManifest.xml:136:2-137:57
116-->src\main\AndroidManifest.xml:137:3-55
117    <uses-permission android:name="android.permission.AUTHENTICATE_ACCOUNTS" />
117-->src\main\AndroidManifest.xml:138:2-139:60
117-->src\main\AndroidManifest.xml:139:3-58
118    <uses-permission android:name="android.permission.GET_ACCOUNTS" />
118-->src\main\AndroidManifest.xml:140:2-141:51
118-->src\main\AndroidManifest.xml:141:3-49
119    <uses-permission android:name="android.permission.MANAGE_ACCOUNTS" />
119-->src\main\AndroidManifest.xml:142:2-143:54
119-->src\main\AndroidManifest.xml:143:3-52
120    <uses-permission android:name="android.permission.NFC" />
120-->src\main\AndroidManifest.xml:144:2-145:42
120-->src\main\AndroidManifest.xml:145:3-40
121    <uses-permission android:name="android.permission.READ_PHONE_STATE" />
121-->src\main\AndroidManifest.xml:146:2-147:55
121-->src\main\AndroidManifest.xml:147:3-53
122    <uses-permission android:name="android.permission.WAKE_LOCK" />
122-->src\main\AndroidManifest.xml:148:2-149:48
122-->src\main\AndroidManifest.xml:149:3-46
123    <uses-permission android:name="android.permission.RECEIVE_BOOT_COMPLETED" />
123-->src\main\AndroidManifest.xml:150:2-151:61
123-->src\main\AndroidManifest.xml:151:3-59
124
125    <application
125-->src\main\AndroidManifest.xml:153:2-642:16
126        android:name="com.teslasoft.libraries.support.CrashHandler"
126-->src\main\AndroidManifest.xml:157:3-31
127        android:appComponentFactory="androidx.core.app.CoreComponentFactory"
127-->src\main\AndroidManifest.xml:158:3-71
128        android:extractNativeLibs="false"
129        android:icon="@drawable/teslasoft_logo"
129-->src\main\AndroidManifest.xml:160:3-42
130        android:label="@string/app_name"
130-->src\main\AndroidManifest.xml:154:3-35
131        android:persistent="false"
131-->src\main\AndroidManifest.xml:162:3-29
132        android:requestLegacyExternalStorage="true"
132-->src\main\AndroidManifest.xml:161:3-46
133        android:theme="@style/AppTheme"
133-->src\main\AndroidManifest.xml:155:3-34
134        android:usesCleartextTraffic="true" >
134-->src\main\AndroidManifest.xml:156:3-38
135
136        <!-- android.security.Biometrics component -->
137        <activity
137-->src\main\AndroidManifest.xml:165:3-173:14
138            android:name="android.security.BiometricAuthenticator"
138-->src\main\AndroidManifest.xml:166:4-58
139            android:exported="false"
139-->src\main\AndroidManifest.xml:172:4-28
140            android:icon="@drawable/ic_fingerprint"
140-->src\main\AndroidManifest.xml:168:4-43
141            android:label="@string/security_title"
141-->src\main\AndroidManifest.xml:167:4-42
142            android:launchMode="singleTask"
142-->src\main\AndroidManifest.xml:170:4-35
143            android:stateNotNeeded="true"
143-->src\main\AndroidManifest.xml:171:4-33
144            android:theme="@style/Theme.Transparent.Slide.TransparentAB" >
144-->src\main\AndroidManifest.xml:169:4-64
145        </activity>
146        <activity
146-->src\main\AndroidManifest.xml:175:3-187:14
147            android:name="android.security.BiometricAuthenticatorCallback"
147-->src\main\AndroidManifest.xml:176:4-66
148            android:exported="true"
148-->src\main\AndroidManifest.xml:182:4-27
149            android:icon="@drawable/ic_fingerprint"
149-->src\main\AndroidManifest.xml:178:4-43
150            android:label="@string/security_title"
150-->src\main\AndroidManifest.xml:177:4-42
151            android:launchMode="singleTask"
151-->src\main\AndroidManifest.xml:180:4-35
152            android:stateNotNeeded="true"
152-->src\main\AndroidManifest.xml:181:4-33
153            android:theme="@style/Theme.Transparent.S" >
153-->src\main\AndroidManifest.xml:179:4-46
154            <intent-filter>
154-->src\main\AndroidManifest.xml:184:4-186:20
155                <action android:name="android.intent.action.MAIN" />
155-->src\main\AndroidManifest.xml:185:5-57
155-->src\main\AndroidManifest.xml:185:13-54
156            </intent-filter>
157        </activity>
158        <activity
158-->src\main\AndroidManifest.xml:189:3-201:14
159            android:name="android.security.ProtectActivity"
159-->src\main\AndroidManifest.xml:190:4-51
160            android:exported="true"
160-->src\main\AndroidManifest.xml:196:4-27
161            android:icon="@drawable/ic_fingerprint"
161-->src\main\AndroidManifest.xml:192:4-43
162            android:label="@string/security_title"
162-->src\main\AndroidManifest.xml:191:4-42
163            android:launchMode="singleTask"
163-->src\main\AndroidManifest.xml:194:4-35
164            android:stateNotNeeded="true"
164-->src\main\AndroidManifest.xml:195:4-33
165            android:theme="@style/Theme.Transparent.S" >
165-->src\main\AndroidManifest.xml:193:4-46
166            <intent-filter>
166-->src\main\AndroidManifest.xml:184:4-186:20
167                <action android:name="android.intent.action.MAIN" />
167-->src\main\AndroidManifest.xml:185:5-57
167-->src\main\AndroidManifest.xml:185:13-54
168            </intent-filter>
169        </activity>
170
171        <!-- Safety and integrity component -->
172        <activity
172-->src\main\AndroidManifest.xml:204:3-215:14
173            android:name="com.teslasoft.jarvis.licence.PiracyCheckActivity"
173-->src\main\AndroidManifest.xml:205:4-67
174            android:exported="true"
174-->src\main\AndroidManifest.xml:210:4-27
175            android:label="@string/licence_manager_title"
175-->src\main\AndroidManifest.xml:206:4-49
176            android:launchMode="singleTask"
176-->src\main\AndroidManifest.xml:208:4-35
177            android:stateNotNeeded="true"
177-->src\main\AndroidManifest.xml:209:4-33
178            android:theme="@style/Theme.Transparent.S" >
178-->src\main\AndroidManifest.xml:207:4-46
179            <intent-filter>
179-->src\main\AndroidManifest.xml:184:4-186:20
180                <action android:name="android.intent.action.MAIN" />
180-->src\main\AndroidManifest.xml:185:5-57
180-->src\main\AndroidManifest.xml:185:13-54
181            </intent-filter>
182        </activity>
183        <activity
183-->src\main\AndroidManifest.xml:217:3-229:14
184            android:name="com.teslasoft.jarvis.licence.ApplicationHealthActivity"
184-->src\main\AndroidManifest.xml:218:4-73
185            android:exported="true"
185-->src\main\AndroidManifest.xml:224:4-27
186            android:icon="@drawable/app_icon"
186-->src\main\AndroidManifest.xml:220:4-37
187            android:label="@string/licence_manager_title"
187-->src\main\AndroidManifest.xml:219:4-49
188            android:launchMode="singleTask"
188-->src\main\AndroidManifest.xml:222:4-35
189            android:stateNotNeeded="true"
189-->src\main\AndroidManifest.xml:223:4-33
190            android:theme="@style/Theme.Transparent.S" >
190-->src\main\AndroidManifest.xml:221:4-46
191            <intent-filter>
191-->src\main\AndroidManifest.xml:184:4-186:20
192                <action android:name="android.intent.action.MAIN" />
192-->src\main\AndroidManifest.xml:185:5-57
192-->src\main\AndroidManifest.xml:185:13-54
193            </intent-filter>
194        </activity>
195
196        <!-- Autorun sync component -->
197        <activity
197-->src\main\AndroidManifest.xml:232:3-243:14
198            android:name="com.teslasoft.jarvis.core.AutoRunActivity"
198-->src\main\AndroidManifest.xml:233:4-60
199            android:exported="true"
199-->src\main\AndroidManifest.xml:238:4-27
200            android:icon="@drawable/jarvis_logo"
200-->src\main\AndroidManifest.xml:234:4-40
201            android:launchMode="singleTask"
201-->src\main\AndroidManifest.xml:236:4-35
202            android:stateNotNeeded="true"
202-->src\main\AndroidManifest.xml:237:4-33
203            android:theme="@style/Theme.Transparent.S" >
203-->src\main\AndroidManifest.xml:235:4-46
204            <intent-filter>
204-->src\main\AndroidManifest.xml:184:4-186:20
205                <action android:name="android.intent.action.MAIN" />
205-->src\main\AndroidManifest.xml:185:5-57
205-->src\main\AndroidManifest.xml:185:13-54
206            </intent-filter>
207        </activity>
208        <activity
208-->src\main\AndroidManifest.xml:245:3-255:14
209            android:name="net.jarvis.engine.TaskCdhActivity"
209-->src\main\AndroidManifest.xml:246:4-52
210            android:exported="true"
210-->src\main\AndroidManifest.xml:250:4-27
211            android:launchMode="singleTask"
211-->src\main\AndroidManifest.xml:248:4-35
212            android:stateNotNeeded="true"
212-->src\main\AndroidManifest.xml:249:4-33
213            android:theme="@style/Theme.Transparent.Float" >
213-->src\main\AndroidManifest.xml:247:4-50
214            <intent-filter>
214-->src\main\AndroidManifest.xml:184:4-186:20
215                <action android:name="android.intent.action.MAIN" />
215-->src\main\AndroidManifest.xml:185:5-57
215-->src\main\AndroidManifest.xml:185:13-54
216            </intent-filter>
217        </activity>
218
219        <!-- @debug_unused -->
220        <activity
220-->src\main\AndroidManifest.xml:258:3-269:14
221            android:name="com.teslasoft.jarvis.EmulatedBoot"
221-->src\main\AndroidManifest.xml:259:4-52
222            android:exported="true"
222-->src\main\AndroidManifest.xml:264:4-27
223            android:label="Android System"
223-->src\main\AndroidManifest.xml:260:4-34
224            android:launchMode="singleTask"
224-->src\main\AndroidManifest.xml:262:4-35
225            android:stateNotNeeded="true"
225-->src\main\AndroidManifest.xml:263:4-33
226            android:theme="@style/Theme.Boot" >
226-->src\main\AndroidManifest.xml:261:4-37
227            <intent-filter>
227-->src\main\AndroidManifest.xml:184:4-186:20
228                <action android:name="android.intent.action.MAIN" />
228-->src\main\AndroidManifest.xml:185:5-57
228-->src\main\AndroidManifest.xml:185:13-54
229            </intent-filter>
230        </activity>
231        <activity
231-->src\main\AndroidManifest.xml:271:3-281:14
232            android:name="com.teslasoft.libraries.support.WebActivity"
232-->src\main\AndroidManifest.xml:272:4-31
233            android:exported="true"
233-->src\main\AndroidManifest.xml:276:4-27
234            android:launchMode="singleTask"
234-->src\main\AndroidManifest.xml:274:4-35
235            android:stateNotNeeded="true"
235-->src\main\AndroidManifest.xml:275:4-33
236            android:theme="@style/Theme.Transparent.Slide" >
236-->src\main\AndroidManifest.xml:273:4-50
237            <intent-filter>
237-->src\main\AndroidManifest.xml:184:4-186:20
238                <action android:name="android.intent.action.MAIN" />
238-->src\main\AndroidManifest.xml:185:5-57
238-->src\main\AndroidManifest.xml:185:13-54
239            </intent-filter>
240        </activity>
241
242        <!-- SmartCard component -->
243        <activity
243-->src\main\AndroidManifest.xml:284:3-294:14
244            android:name="com.teslasoft.jarvis.core.SmartCardLoader"
244-->src\main\AndroidManifest.xml:285:4-60
245            android:exported="true"
245-->src\main\AndroidManifest.xml:289:4-27
246            android:launchMode="singleTask"
246-->src\main\AndroidManifest.xml:287:4-35
247            android:stateNotNeeded="true"
247-->src\main\AndroidManifest.xml:288:4-33
248            android:theme="@style/Theme.Transparent.S" >
248-->src\main\AndroidManifest.xml:286:4-46
249            <intent-filter>
249-->src\main\AndroidManifest.xml:184:4-186:20
250                <action android:name="android.intent.action.MAIN" />
250-->src\main\AndroidManifest.xml:185:5-57
250-->src\main\AndroidManifest.xml:185:13-54
251            </intent-filter>
252        </activity>
253
254        <!-- Core component -->
255        <activity
255-->src\main\AndroidManifest.xml:297:3-307:14
256            android:name="com.teslasoft.jarvis.core.ServiceSettingActivity"
256-->src\main\AndroidManifest.xml:298:4-67
257            android:exported="true"
257-->src\main\AndroidManifest.xml:302:4-27
258            android:launchMode="singleTask"
258-->src\main\AndroidManifest.xml:300:4-35
259            android:stateNotNeeded="true"
259-->src\main\AndroidManifest.xml:301:4-33
260            android:theme="@style/Theme.Transparent.Slide.TransparentAB" >
260-->src\main\AndroidManifest.xml:299:4-64
261            <intent-filter>
261-->src\main\AndroidManifest.xml:184:4-186:20
262                <action android:name="android.intent.action.MAIN" />
262-->src\main\AndroidManifest.xml:185:5-57
262-->src\main\AndroidManifest.xml:185:13-54
263            </intent-filter>
264        </activity>
265        <activity
265-->src\main\AndroidManifest.xml:309:3-319:14
266            android:name="com.teslasoft.jarvis.core.ErrorServiceActivity"
266-->src\main\AndroidManifest.xml:310:4-65
267            android:exported="true"
267-->src\main\AndroidManifest.xml:314:4-27
268            android:launchMode="singleTask"
268-->src\main\AndroidManifest.xml:312:4-35
269            android:stateNotNeeded="true"
269-->src\main\AndroidManifest.xml:313:4-33
270            android:theme="@style/Theme.Transparent.Slide.TransparentAB" >
270-->src\main\AndroidManifest.xml:311:4-64
271            <intent-filter>
271-->src\main\AndroidManifest.xml:184:4-186:20
272                <action android:name="android.intent.action.MAIN" />
272-->src\main\AndroidManifest.xml:185:5-57
272-->src\main\AndroidManifest.xml:185:13-54
273            </intent-filter>
274        </activity>
275        <activity
275-->src\main\AndroidManifest.xml:321:3-331:14
276            android:name="com.teslasoft.jarvis.core.ServicesActivity"
276-->src\main\AndroidManifest.xml:322:4-61
277            android:exported="true"
277-->src\main\AndroidManifest.xml:326:4-27
278            android:launchMode="singleTask"
278-->src\main\AndroidManifest.xml:324:4-35
279            android:stateNotNeeded="true"
279-->src\main\AndroidManifest.xml:325:4-33
280            android:theme="@style/Theme.Transparent.S" >
280-->src\main\AndroidManifest.xml:323:4-46
281            <intent-filter>
281-->src\main\AndroidManifest.xml:184:4-186:20
282                <action android:name="android.intent.action.MAIN" />
282-->src\main\AndroidManifest.xml:185:5-57
282-->src\main\AndroidManifest.xml:185:13-54
283            </intent-filter>
284        </activity>
285        <activity
285-->src\main\AndroidManifest.xml:333:3-342:14
286            android:name="com.teslasoft.jarvis.CoreActivity"
286-->src\main\AndroidManifest.xml:333:13-61
287            android:exported="true"
287-->src\main\AndroidManifest.xml:337:4-27
288            android:launchMode="singleTask"
288-->src\main\AndroidManifest.xml:335:4-35
289            android:stateNotNeeded="true"
289-->src\main\AndroidManifest.xml:336:4-33
290            android:theme="@style/Theme.Transparent.NoAnim" >
290-->src\main\AndroidManifest.xml:334:4-51
291            <intent-filter>
291-->src\main\AndroidManifest.xml:184:4-186:20
292                <action android:name="android.intent.action.MAIN" />
292-->src\main\AndroidManifest.xml:185:5-57
292-->src\main\AndroidManifest.xml:185:13-54
293            </intent-filter>
294        </activity>
295        <activity
295-->src\main\AndroidManifest.xml:344:3-354:14
296            android:name="com.teslasoft.libraries.support.LoadActivity"
296-->src\main\AndroidManifest.xml:345:4-32
297            android:exported="true"
297-->src\main\AndroidManifest.xml:349:4-27
298            android:launchMode="singleTask"
298-->src\main\AndroidManifest.xml:347:4-35
299            android:stateNotNeeded="true"
299-->src\main\AndroidManifest.xml:348:4-33
300            android:theme="@style/Theme.Transparent" >
300-->src\main\AndroidManifest.xml:346:4-44
301            <intent-filter>
301-->src\main\AndroidManifest.xml:184:4-186:20
302                <action android:name="android.intent.action.MAIN" />
302-->src\main\AndroidManifest.xml:185:5-57
302-->src\main\AndroidManifest.xml:185:13-54
303            </intent-filter>
304        </activity>
305        <activity
305-->src\main\AndroidManifest.xml:356:3-368:14
306            android:name="com.teslasoft.jarvis.Privacy"
306-->src\main\AndroidManifest.xml:357:4-47
307            android:exported="true"
307-->src\main\AndroidManifest.xml:363:4-27
308            android:icon="@drawable/teslasoft_logo"
308-->src\main\AndroidManifest.xml:360:4-43
309            android:label="Privacy Policy"
309-->src\main\AndroidManifest.xml:358:4-34
310            android:launchMode="singleTask"
310-->src\main\AndroidManifest.xml:361:4-35
311            android:stateNotNeeded="true"
311-->src\main\AndroidManifest.xml:362:4-33
312            android:theme="@android:style/Theme.Material.NoActionBar" >
312-->src\main\AndroidManifest.xml:359:4-61
313            <intent-filter>
313-->src\main\AndroidManifest.xml:184:4-186:20
314                <action android:name="android.intent.action.MAIN" />
314-->src\main\AndroidManifest.xml:185:5-57
314-->src\main\AndroidManifest.xml:185:13-54
315            </intent-filter>
316        </activity>
317        <activity
317-->src\main\AndroidManifest.xml:370:3-382:14
318            android:name="com.teslasoft.libraries.support.SettingsActivity"
318-->src\main\AndroidManifest.xml:371:4-36
319            android:exported="true"
319-->src\main\AndroidManifest.xml:377:4-27
320            android:icon="@drawable/teslasoft_logo"
320-->src\main\AndroidManifest.xml:373:4-43
321            android:label="@string/settings_title"
321-->src\main\AndroidManifest.xml:372:4-42
322            android:launchMode="singleTask"
322-->src\main\AndroidManifest.xml:375:4-35
323            android:stateNotNeeded="true"
323-->src\main\AndroidManifest.xml:376:4-33
324            android:theme="@style/Theme.Transparent.S" >
324-->src\main\AndroidManifest.xml:374:4-46
325            <intent-filter>
325-->src\main\AndroidManifest.xml:184:4-186:20
326                <action android:name="android.intent.action.MAIN" />
326-->src\main\AndroidManifest.xml:185:5-57
326-->src\main\AndroidManifest.xml:185:13-54
327            </intent-filter>
328        </activity>
329
330        <!-- Custom crash handler component -->
331        <activity
331-->src\main\AndroidManifest.xml:385:3-396:14
332            android:name="com.teslasoft.jarvis.crashreport.Report"
332-->src\main\AndroidManifest.xml:386:4-58
333            android:exported="true"
333-->src\main\AndroidManifest.xml:391:4-27
334            android:label="Bug report"
334-->src\main\AndroidManifest.xml:387:4-30
335            android:launchMode="singleTask"